build/app/outputs/mapping/release/seeds.txt
com.example.gazebo.MainActivity: MainActivity()
com.example.gazebo.MainActivity
...
com.google.android.material.chip.Chip: void setCheckedIconEnabledResource(int)
androidx.appcompat.widget.ActionBarOverlayLayout: void setShowingForActionMode(boolean)
androidx.appcompat.widget.Toolbar: void setTitle(int)
com.google.android.material.floatingactionbutton.ExtendedFloatingActionButton: void setShrinkMotionSpec(com.google.android.material.animation.MotionSpec)
com.google.android.gms.internal.measurement.zzgd
com.google.android.material.chip.Chip: void setBackgroundColor(int)
com.google.android.gms.measurement.internal.zzat: android.os.Parcelable$Creator CREATOR
com.google.android.material.textfield.TextInputLayout: int getEndIconMode()
androidx.core.app.RemoteActionCompatParcelizer: void write(androidx.core.app.RemoteActionCompat,androidx.versionedparcelable.VersionedParcel)
com.google.android.gms.internal.measurement.zzcl: android.os.Parcelable$Creator CREATOR
com.google.android.material.textfield.TextInputLayout: void setEndIconVisible(boolean)
com.google.android.gms.internal.measurement.zzej: int zze
androidx.recyclerview.widget.RecyclerView: void setRecyclerListener(androidx.recyclerview.widget.RecyclerView$RecyclerListener)
androidx.appcompat.widget.AppCompatSpinner
com.google.android.gms.internal.measurement.zzfy: java.lang.String zzM
com.google.android.material.appbar.AppBarLayout: void setLiftOnScroll(boolean)
androidx.constraintlayout.widget.Barrier: void setMargin(int)
androidx.appcompat.widget.AppCompatImageView: void setImageURI(android.net.Uri)
com.google.android.gms.auth.api.signin.RevocationBoundService: RevocationBoundService()
com.google.android.material.card.MaterialCardView: void setCardForegroundColor(android.content.res.ColorStateList)
com.google.android.gms.measurement.internal.zzkv: android.os.Parcelable$Creator CREATOR
androidx.appcompat.widget.Toolbar: android.graphics.drawable.Drawable getCollapseIcon()
com.google.android.material.chip.Chip: void setBackgroundTintMode(android.graphics.PorterDuff$Mode)
com.google.android.material.chip.Chip: java.lang.CharSequence getCloseIconContentDescription()
com.google.android.material.textfield.TextInputLayout: void setSuffixTextAppearance(int)
com.google.android.gms.internal.measurement.zzfs: com.google.android.gms.internal.measurement.zzfs zza
com.google.android.gms.internal.measurement.zzfy: long zzC
com.google.android.gms.internal.measurement.zzgb: int zzf
androidx.appcompat.widget.Toolbar: void setLogo(android.graphics.drawable.Drawable)
com.google.android.material.floatingactionbutton.FloatingActionButton: int getExpandedComponentIdHint()
com.google.android.material.chip.ChipGroup: void setOnHierarchyChangeListener(android.view.ViewGroup$OnHierarchyChangeListener)
androidx.vectordrawable.graphics.drawable.VectorDrawableCompat$VGroup: float getTranslateY()
com.google.android.material.button.MaterialButton: void setBackgroundTintMode(android.graphics.PorterDuff$Mode)
com.google.android.gms.internal.measurement.zzfy: com.google.android.gms.internal.measurement.zzkc zzU
com.google.android.material.chip.Chip: void setShowMotionSpec(com.google.android.material.animation.MotionSpec)
com.google.android.material.transformation.FabTransformationSheetBehavior
com.google.android.gms.internal.measurement.zzeq
androidx.lifecycle.ReportFragment$LifecycleCallbacks: void onActivityResumed(android.app.Activity)
com.google.android.gms.internal.measurement.zzfk: int zzf
com.google.android.gms.internal.measurement.zzfk: boolean zzi
androidx.lifecycle.ReportFragment$LifecycleCallbacks: void onActivityCreated(android.app.Activity,android.os.Bundle)
com.google.android.gms.internal.measurement.zzex: int zze
com.google.android.material.internal.FlowLayout: void setItemSpacing(int)
com.google.android.material.chip.Chip: void setIconStartPadding(float)
io.flutter.embedding.engine.FlutterJNI: void unregisterTexture(long)
io.flutter.plugins.imagepicker.ImagePickerFileProvider
androidx.appcompat.widget.Toolbar: android.widget.TextView getSubtitleTextView()