build/app/outputs/mapping/release/mapping.txt
# compiler: R8
# compiler_version: 2.1.62
# min_api: 19
# pg_map_id: 2d7a8d7
# common_typos_disable
...
com.google.android.material.floatingactionbutton.FloatingActionButtonImpl$ElevateToHoveredFocusedTranslationZAnimation -> com.google.android.material.floatingactionbutton.b$g:
    com.google.android.material.floatingactionbutton.FloatingActionButtonImpl this$0 -> e
    float getTargetShadowSize() -> a
com.google.android.material.floatingactionbutton.FloatingActionButtonImpl$ElevateToPressedTranslationZAnimation -> com.google.android.material.floatingactionbutton.b$h:
    com.google.android.material.floatingactionbutton.FloatingActionButtonImpl this$0 -> e
    float getTargetShadowSize() -> a
com.google.android.material.floatingactionbutton.FloatingActionButtonImpl$InternalTransformationCallback -> com.google.android.material.floatingactionbutton.b$i:
    void onScaleChanged() -> a
    void onTranslationChanged() -> b
com.google.android.material.floatingactionbutton.FloatingActionButtonImpl$InternalVisibilityChangedListener -> com.google.android.material.floatingactionbutton.b$j:
    void onShown() -> a
    void onHidden() -> b
com.google.android.material.floatingactionbutton.FloatingActionButtonImpl$ResetElevationAnimation -> com.google.android.material.floatingactionbutton.b$k:
    com.google.android.material.floatingactionbutton.FloatingActionButtonImpl this$0 -> e
    float getTargetShadowSize() -> a
com.google.android.material.floatingactionbutton.FloatingActionButtonImpl$ShadowAnimatorImpl -> com.google.android.material.floatingactionbutton.b$l:
    com.google.android.material.floatingactionbutton.FloatingActionButtonImpl this$0 -> d
    float shadowSizeEnd -> c
    float shadowSizeStart -> b
    boolean validValues -> a
    float getTargetShadowSize() -> a
com.google.android.material.floatingactionbutton.FloatingActionButtonImplLollipop -> com.google.android.material.floatingactionbutton.c:
    void onCompatShadowChanged() -> A
    void onDrawableStateChanged(int[]) -> C
    void onElevationsChanged(float,float,float) -> D
    boolean requirePreDrawListener() -> I
    void setRippleColor(android.content.res.ColorStateList) -> R
    boolean shouldAddPadding() -> V
    void updateFromViewRotation() -> Z
    android.animation.Animator createElevationAnimator(float,float) -> e0
    float getElevation() -> m
    void getPadding(android.graphics.Rect) -> r
    void jumpDrawableToCurrentState() -> y
com.google.android.material.floatingactionbutton.MotionStrategy -> com.google.android.material.floatingactionbutton.d:
    com.google.android.material.animation.MotionSpec getMotionSpec() -> a
    android.animation.AnimatorSet createAnimator() -> b
    void onAnimationEnd() -> c
    void onAnimationCancel() -> d
    java.util.List getListeners() -> e
    void onChange(com.google.android.material.floatingactionbutton.ExtendedFloatingActionButton$OnChangedCallback) -> f
    boolean shouldCancel() -> g
    void setMotionSpec(com.google.android.material.animation.MotionSpec) -> h
    void performNow() -> i
com.google.android.material.internal.BaselineLayout -> com.google.android.material.internal.BaselineLayout:
    int baseline -> j
com.google.android.material.internal.CheckableImageButton -> com.google.android.material.internal.CheckableImageButton:
    boolean checkable -> m
    boolean pressable -> n
    boolean checked -> l
    int[] DRAWABLE_STATE_CHECKED -> o
    boolean isCheckable() -> a
com.google.android.material.internal.CheckableImageButton$1 -> com.google.android.material.internal.CheckableImageButton$a:
    com.google.android.material.internal.CheckableImageButton this$0 -> d
    void onInitializeAccessibilityEvent(android.view.View,android.view.accessibility.AccessibilityEvent) -> f
    void onInitializeAccessibilityNodeInfo(android.view.View,androidx.core.view.accessibility.AccessibilityNodeInfoCompat) -> g
com.google.android.material.internal.CheckableImageButton$SavedState -> com.google.android.material.internal.CheckableImageButton$b:
    boolean checked -> l
    void readFromParcel(android.os.Parcel) -> b