build/app/outputs/mapping/release/usage.txt
com.example.gazebo.R
com.example.gazebo.R$integer
com.example.gazebo.R$plurals
com.example.gazebo.R$mipmap
com.example.gazebo.R$attr
com.example.gazebo.BuildConfig
com.example.gazebo.R$bool
com.example.gazebo.R$xml
com.example.gazebo.R$id
com.example.gazebo.R$layout
com.example.gazebo.R$color
com.example.gazebo.R$styleable
com.example.gazebo.R$style
com.example.gazebo.R$animator
com.example.gazebo.R$anim
com.example.gazebo.R$drawable
com.example.gazebo.R$string
com.example.gazebo.R$dimen
com.example.gazebo.R$interpolator
...
com.google.common.collect.AbstractMapBasedMultiset$Itr
com.google.common.util.concurrent.AggregateFutureState$SynchronizedAtomicHelper
androidx.constraintlayout.motion.widget.MotionLayout$Model
com.google.common.collect.Maps$3
com.google.android.material.drawable.DrawableUtils:
    private void <init>()
    public static android.util.AttributeSet parseDrawableXml(android.content.Context,int,java.lang.CharSequence)
    public static void setRippleDrawableRadius(android.graphics.drawable.RippleDrawable,int)
androidx.constraintlayout.motion.widget.SplineSet$RotationXset
com.google.common.base.Joiner$3
com.google.common.collect.MapMakerInternalMap
kotlin.comparisons.ComparisonsKt__ComparisonsKt$thenByDescending$2
androidx.versionedparcelable.ParcelImpl:
    public void <init>(androidx.versionedparcelable.VersionedParcelable)
    public androidx.versionedparcelable.VersionedParcelable getVersionedParcel()
com.google.android.gms.internal.auth.zzaa
com.google.common.util.concurrent.CombinedFuture
com.google.android.material.bottomsheet.BottomSheetDialog$EdgeToEdgeCallback
com.google.common.collect.AbstractMapBasedMultiset$2
androidx.appcompat.app.AppCompatDialog:
    public void <init>(android.content.Context)
    protected void <init>(android.content.Context,boolean,android.content.DialogInterface$OnCancelListener)
    public androidx.appcompat.app.ActionBar getSupportActionBar()
com.google.common.collect.ConcurrentHashMultiset$EntrySet
kotlin.coroutines.jvm.internal.ModuleNameRetriever$Cache
io.flutter.view.AccessibilityBridge$SemanticsNode:
    private void log(java.lang.String,boolean)
com.mr.flutter.plugin.filepicker.R$color
com.google.android.gms.auth.api.credentials.CredentialRequest$Builder
androidx.core.os.ExecutorCompat
com.google.common.cache.ForwardingCache$SimpleForwardingCache
androidx.core.view.animation.PathInterpolatorApi14
com.google.common.hash.LittleEndianByteArray$UnsafeByteArray$2
androidx.exifinterface.media.ExifInterface$ExifAttribute:
    public static androidx.exifinterface.media.ExifInterface$ExifAttribute createSLong(int,java.nio.ByteOrder)
    public static androidx.exifinterface.media.ExifInterface$ExifAttribute createSRational(androidx.exifinterface.media.ExifInterface$Rational,java.nio.ByteOrder)
    public static androidx.exifinterface.media.ExifInterface$ExifAttribute createDouble(double,java.nio.ByteOrder)
    public static final long BYTES_OFFSET_UNKNOWN
com.google.common.collect.LinkedListMultimap$Node
com.google.android.gms.internal.auth-api-phone.zzl
androidx.fragment.app.FragmentActivity:
    public void <init>(int)
    public void supportFinishAfterTransition()
    public void setEnterSharedElementCallback(androidx.core.app.SharedElementCallback)
    public void setExitSharedElementCallback(androidx.core.app.SharedElementCallback)
    public void supportPostponeEnterTransition()
    public void supportStartPostponedEnterTransition()
    public void startActivityFromFragment(androidx.fragment.app.Fragment,android.content.Intent,int)
    public void startIntentSenderFromFragment(androidx.fragment.app.Fragment,android.content.IntentSender,int,android.content.Intent,int,int,int,android.os.Bundle)
    void requestPermissionsFromFragment(androidx.fragment.app.Fragment,java.lang.String[],int)
    private static final java.lang.String TAG
    static final java.lang.String FRAGMENTS_TAG
    static final java.lang.String NEXT_CANDIDATE_REQUEST_INDEX_TAG
    static final java.lang.String ALLOCATED_REQUEST_INDICIES_TAG
    static final java.lang.String REQUEST_FRAGMENT_WHO_TAG
    static final int MAX_NUM_PENDING_FRAGMENT_ACTIVITY_RESULTS
com.google.common.collect.BoundType
org.intellij.lang.annotations.JdkConstants$ListSelectionMode
io.flutter.embedding.engine.systemchannels.MouseCursorChannel:
    public void synthesizeMethodCall(io.flutter.plugin.common.MethodCall,io.flutter.plugin.common.MethodChannel$Result)
    private static final java.lang.String TAG
com.google.common.collect.ArrayTable